<?xml version="1.0" encoding="UTF-8"?>
<!-- Generated by org.testng.reporters.JUnitReportReporter -->
<testsuite skipped="0" hostname="LAPTOP-P8PITMUG" name="testCases.T02_qaServicePageFunctionality" tests="1" failures="0" timestamp="2020-04-05T17:31:29 EDT" time="19.098" errors="0">
  <testcase name="qaPageFunctionalityTest" time="19.098" classname="testCases.T02_qaServicePageFunctionality"/>
</testsuite> <!-- testCases.T02_qaServicePageFunctionality -->
