<?xml version="1.0" encoding="UTF-8"?>
<!-- Generated by org.testng.reporters.JUnitReportReporter -->
<testsuite skipped="0" hostname="LAPTOP-P8PITMUG" name="hybridModel.runnerFile" tests="1" failures="0" timestamp="2020-04-05T19:30:56 EDT" time="13.847" errors="0">
  <testcase name="objectRunner" time="13.847" classname="hybridModel.runnerFile"/>
</testsuite> <!-- hybridModel.runnerFile -->
