<?xml version="1.0" encoding="UTF-8"?>
<!-- Generated by org.testng.reporters.JUnitReportReporter -->
<testsuite skipped="0" hostname="LAPTOP-P8PITMUG" name="testCases.T05_facebookLogIn" tests="1" failures="0" timestamp="2020-04-05T18:07:19 EDT" time="12.279" errors="0">
  <testcase name="facebookLogIn" time="12.279" classname="testCases.T05_facebookLogIn"/>
</testsuite> <!-- testCases.T05_facebookLogIn -->
