<?xml version="1.0" encoding="UTF-8"?>
<!-- Generated by org.testng.reporters.JUnitReportReporter -->
<testsuite skipped="0" hostname="LAPTOP-P8PITMUG" name="testCases.T06_Sample" tests="1" failures="0" timestamp="2020-05-27T16:59:51 EDT" time="0.007" errors="0">
  <testcase name="samplePractice" time="0.007" classname="testCases.T06_Sample"/>
</testsuite> <!-- testCases.T06_Sample -->
