<?xml version="1.0" encoding="UTF-8"?>
<!-- Generated by org.testng.reporters.JUnitReportReporter -->
<testsuite skipped="0" hostname="LAPTOP-P8PITMUG" name="testCases.T04_qaOutsourcePageTest" tests="1" failures="0" timestamp="2020-04-05T18:02:55 EDT" time="18.322" errors="0">
  <testcase name="qaOutsourcePage" time="18.322" classname="testCases.T04_qaOutsourcePageTest"/>
</testsuite> <!-- testCases.T04_qaOutsourcePageTest -->
