<?xml version="1.0" encoding="UTF-8"?>
<!-- Generated by org.testng.reporters.JUnitReportReporter -->
<testsuite skipped="0" hostname="LAPTOP-P8PITMUG" name="testCases.T01_homePageValidation" tests="1" failures="0" timestamp="2020-04-05T17:31:29 EDT" time="17.317" errors="0">
  <testcase name="homePageValidation" time="17.317" classname="testCases.T01_homePageValidation"/>
</testsuite> <!-- testCases.T01_homePageValidation -->
