<?xml version="1.0" encoding="UTF-8"?>
<!-- Generated by org.testng.reporters.JUnitReportReporter -->
<testsuite skipped="0" hostname="LAPTOP-P8PITMUG" name="testCases.T03_knowledgeFunctionalityTest" tests="1" failures="0" timestamp="2020-04-05T17:38:54 EDT" time="15.053" errors="0">
  <testcase name="knowledgeCentrePageFunctionalityPage" time="15.053" classname="testCases.T03_knowledgeFunctionalityTest"/>
</testsuite> <!-- testCases.T03_knowledgeFunctionalityTest -->
