<?xml version="1.0" encoding="UTF-8"?>
<!-- Generated by org.testng.reporters.JUnitReportReporter -->
<testsuite skipped="0" hostname="LAPTOP-P8PITMUG" name="testCases.T04_qaOutsourcePageTest" tests="1" failures="0" timestamp="2020-05-27T16:58:21 EDT" time="10.977" errors="0">
  <testcase name="qaOutsourcePage" time="10.977" classname="testCases.T04_qaOutsourcePageTest"/>
</testsuite> <!-- testCases.T04_qaOutsourcePageTest -->
